<?xml version="1.0" encoding="UTF-8"?>
<!-- Generated by org.testng.reporters.JUnitReportReporter -->
<testsuite hostname="INBook_X1" failures="0" tests="1" name="org.pom.BaseClass" time="35.443" errors="0" timestamp="2024-10-23T17:20:35 IST" skipped="0">
  <testcase classname="org.pom.BaseClass" name="login" time="35.443"/>
  <system-out/>
</testsuite> <!-- org.pom.BaseClass -->
